2023-04-18 20:46:18 INFO  Log:14 - ****************************
2023-04-18 20:46:18 INFO  Log:15 - ****************************
2023-04-18 20:46:18 INFO  Log:16 - *********This is the beginning of my Test case***********
2023-04-18 20:46:18 INFO  Log:27 - My test case is executing right now
2023-04-18 20:46:18 INFO  Log:32 - My test case might have some trivial issues
2023-04-18 20:47:28 INFO  Log:27 - This test case is about to get completed
2023-04-18 20:47:28 INFO  Log:20 - ################################
2023-04-18 20:47:28 INFO  Log:21 - ################################
2023-04-18 20:47:28 INFO  Log:22 - ############This test case is finished##############
2023-04-19 10:28:47 INFO  Log:14 - ****************************
2023-04-19 10:28:47 INFO  Log:15 - ****************************
2023-04-19 10:28:47 INFO  Log:16 - *********This is the beginning of my Test case***********
2023-04-19 10:28:47 INFO  Log:27 - My test case is executing right now
2023-04-19 10:28:47 INFO  Log:32 - My test case might have some trivial issues
2023-04-19 10:28:53 INFO  Log:27 - This test case is about to get completed
2023-04-19 10:28:53 INFO  Log:20 - ################################
2023-04-19 10:28:53 INFO  Log:21 - ################################
2023-04-19 10:28:53 INFO  Log:22 - ############This test case is finished##############
2023-04-19 22:49:34 INFO  Log:14 - ****************************
2023-04-19 22:49:34 INFO  Log:15 - ****************************
2023-04-19 22:49:34 INFO  Log:16 - *********This is the beginning of my Test case***********
2023-04-19 22:49:34 INFO  Log:27 - My test case is executing right now
2023-04-19 22:49:34 INFO  Log:32 - My test case might have some trivial issues
2023-04-19 22:49:41 INFO  Log:27 - This test case is about to get completed
2023-04-19 22:49:41 INFO  Log:20 - ################################
2023-04-19 22:49:41 INFO  Log:21 - ################################
2023-04-19 22:49:41 INFO  Log:22 - ############This test case is finished##############
2023-04-21 22:39:01 INFO  Log:14 - ****************************
2023-04-21 22:39:01 INFO  Log:15 - ****************************
2023-04-21 22:39:01 INFO  Log:16 - *********This is the beginning of my Test case***********
2023-04-21 22:39:01 INFO  Log:27 - My test case is executing right now
2023-04-21 22:39:01 INFO  Log:32 - My test case might have some trivial issues
2023-04-21 22:39:03 INFO  Log:27 - This test case is about to get completed
2023-04-21 22:39:03 INFO  Log:20 - ################################
2023-04-21 22:39:03 INFO  Log:21 - ################################
2023-04-21 22:39:03 INFO  Log:22 - ############This test case is finished##############
2023-04-21 23:07:19 INFO  Log:14 - ****************************
2023-04-21 23:07:19 INFO  Log:15 - ****************************
2023-04-21 23:07:19 INFO  Log:16 - *********This is the beginning of my Test case***********
2023-04-21 23:07:19 INFO  Log:27 - My test case is executing right now
2023-04-21 23:07:19 INFO  Log:32 - My test case might have some trivial issues
2023-04-21 23:07:25 INFO  Log:27 - This test case is about to get completed
2023-04-21 23:07:25 INFO  Log:20 - ################################
2023-04-21 23:07:25 INFO  Log:21 - ################################
2023-04-21 23:07:25 INFO  Log:22 - ############This test case is finished##############
2023-04-21 23:26:50 INFO  Log:14 - ****************************
2023-04-21 23:26:50 INFO  Log:15 - ****************************
2023-04-21 23:26:50 INFO  Log:16 - *********This is the beginning of my Test case***********
2023-04-21 23:26:50 INFO  Log:27 - My test case is executing right now
2023-04-21 23:26:50 INFO  Log:32 - My test case might have some trivial issues
2023-04-21 23:26:56 INFO  Log:27 - This test case is about to get completed
2023-04-21 23:26:56 INFO  Log:20 - ################################
2023-04-21 23:26:56 INFO  Log:21 - ################################
2023-04-21 23:26:56 INFO  Log:22 - ############This test case is finished##############
2023-04-22 16:19:34 INFO  Log:14 - ****************************
2023-04-22 16:19:34 INFO  Log:15 - ****************************
2023-04-22 16:19:34 INFO  Log:16 - *********This is the beginning of my Test case***********
2023-04-22 16:19:34 INFO  Log:27 - My test case is executing right now
2023-04-22 16:19:34 INFO  Log:32 - My test case might have some trivial issues
2023-04-22 16:19:40 INFO  Log:27 - This test case is about to get completed
2023-04-22 16:19:40 INFO  Log:20 - ################################
2023-04-22 16:19:40 INFO  Log:21 - ################################
2023-04-22 16:19:40 INFO  Log:22 - ############This test case is finished##############
2023-04-22 16:32:01 INFO  Log:14 - ****************************
2023-04-22 16:32:01 INFO  Log:15 - ****************************
2023-04-22 16:32:01 INFO  Log:16 - *********This is the beginning of my Test case***********
2023-04-22 16:32:01 INFO  Log:27 - My test case is executing right now
2023-04-22 16:32:01 INFO  Log:32 - My test case might have some trivial issues
2023-04-22 16:32:07 INFO  Log:27 - This test case is about to get completed
2023-04-22 16:32:07 INFO  Log:20 - ################################
2023-04-22 16:32:07 INFO  Log:21 - ################################
2023-04-22 16:32:07 INFO  Log:22 - ############This test case is finished##############
2023-05-08 20:45:58 INFO  Log:14 - ****************************
2023-05-08 20:45:58 INFO  Log:15 - ****************************
2023-05-08 20:45:59 INFO  Log:16 - *********This is the beginning of my Test case***********
2023-05-08 20:45:59 INFO  Log:27 - My test case is executing right now
2023-05-08 20:45:59 INFO  Log:32 - My test case might have some trivial issues
2023-05-08 20:46:05 INFO  Log:27 - This test case is about to get completed
2023-05-08 20:46:05 INFO  Log:20 - ################################
2023-05-08 20:46:05 INFO  Log:21 - ################################
2023-05-08 20:46:05 INFO  Log:22 - ############This test case is finished##############
2023-05-13 12:29:38 INFO  Log:14 - ****************************
2023-05-13 12:29:38 INFO  Log:15 - ****************************
2023-05-13 12:29:38 INFO  Log:16 - *********This is the beginning of my Test case***********
2023-05-13 12:29:38 INFO  Log:27 - My test case is executing right now
2023-05-13 12:29:38 INFO  Log:32 - My test case might have some trivial issues
2023-05-13 12:29:40 INFO  Log:27 - This test case is about to get completed
2023-05-13 12:29:40 INFO  Log:20 - ################################
2023-05-13 12:29:40 INFO  Log:21 - ################################
2023-05-13 12:29:40 INFO  Log:22 - ############This test case is finished##############
2023-05-13 12:35:31 INFO  Log:14 - ****************************
2023-05-13 12:35:31 INFO  Log:15 - ****************************
2023-05-13 12:35:31 INFO  Log:16 - *********This is the beginning of my Test case***********
2023-05-13 12:35:31 INFO  Log:27 - My test case is executing right now
2023-05-13 12:35:31 INFO  Log:32 - My test case might have some trivial issues
2023-05-13 12:35:33 INFO  Log:27 - This test case is about to get completed
2023-05-13 12:35:33 INFO  Log:20 - ################################
2023-05-13 12:35:33 INFO  Log:21 - ################################
2023-05-13 12:35:33 INFO  Log:22 - ############This test case is finished##############
2023-05-13 12:37:34 INFO  Log:14 - ****************************
2023-05-13 12:37:34 INFO  Log:15 - ****************************
2023-05-13 12:37:34 INFO  Log:16 - *********This is the beginning of my Test case***********
2023-05-13 12:37:34 INFO  Log:27 - My test case is executing right now
2023-05-13 12:37:34 INFO  Log:32 - My test case might have some trivial issues
2023-05-13 12:37:41 INFO  Log:27 - This test case is about to get completed
2023-05-13 12:37:41 INFO  Log:20 - ################################
2023-05-13 12:37:41 INFO  Log:21 - ################################
2023-05-13 12:37:41 INFO  Log:22 - ############This test case is finished##############
2023-05-13 12:41:23 INFO  Log:14 - ****************************
2023-05-13 12:41:23 INFO  Log:15 - ****************************
2023-05-13 12:41:23 INFO  Log:16 - *********This is the beginning of my Test case***********
2023-05-13 12:41:23 INFO  Log:27 - My test case is executing right now
2023-05-13 12:41:23 INFO  Log:32 - My test case might have some trivial issues
2023-05-13 12:41:28 INFO  Log:27 - This test case is about to get completed
2023-05-13 12:41:28 INFO  Log:20 - ################################
2023-05-13 12:41:28 INFO  Log:21 - ################################
2023-05-13 12:41:28 INFO  Log:22 - ############This test case is finished##############
2023-05-13 12:43:51 INFO  Log:14 - ****************************
2023-05-13 12:43:51 INFO  Log:15 - ****************************
2023-05-13 12:43:51 INFO  Log:16 - *********This is the beginning of my Test case***********
2023-05-13 12:43:51 INFO  Log:27 - My test case is executing right now
2023-05-13 12:43:51 INFO  Log:32 - My test case might have some trivial issues
2023-05-13 12:43:57 INFO  Log:27 - This test case is about to get completed
2023-05-13 12:43:57 INFO  Log:20 - ################################
2023-05-13 12:43:57 INFO  Log:21 - ################################
2023-05-13 12:43:57 INFO  Log:22 - ############This test case is finished##############
2023-05-13 12:45:56 INFO  Log:14 - ****************************
2023-05-13 12:45:56 INFO  Log:15 - ****************************
2023-05-13 12:45:56 INFO  Log:16 - *********This is the beginning of my Test case***********
2023-05-13 12:45:56 INFO  Log:27 - My test case is executing right now
2023-05-13 12:45:56 INFO  Log:32 - My test case might have some trivial issues
2023-05-13 12:46:01 INFO  Log:27 - This test case is about to get completed
2023-05-13 12:46:01 INFO  Log:20 - ################################
2023-05-13 12:46:01 INFO  Log:21 - ################################
2023-05-13 12:46:01 INFO  Log:22 - ############This test case is finished##############
2023-05-13 12:51:45 INFO  Log:14 - ****************************
2023-05-13 12:51:45 INFO  Log:15 - ****************************
2023-05-13 12:51:45 INFO  Log:16 - *********This is the beginning of my Test case***********
2023-05-13 12:51:45 INFO  Log:27 - My test case is executing right now
2023-05-13 12:51:45 INFO  Log:32 - My test case might have some trivial issues
2023-05-13 12:51:51 INFO  Log:27 - This test case is about to get completed
2023-05-13 12:51:51 INFO  Log:20 - ################################
2023-05-13 12:51:51 INFO  Log:21 - ################################
2023-05-13 12:51:51 INFO  Log:22 - ############This test case is finished##############
2023-05-13 12:54:05 INFO  Log:14 - ****************************
2023-05-13 12:54:05 INFO  Log:15 - ****************************
2023-05-13 12:54:05 INFO  Log:16 - *********This is the beginning of my Test case***********
2023-05-13 12:54:05 INFO  Log:27 - My test case is executing right now
2023-05-13 12:54:05 INFO  Log:32 - My test case might have some trivial issues
2023-05-13 12:54:11 INFO  Log:27 - This test case is about to get completed
2023-05-13 12:54:11 INFO  Log:20 - ################################
2023-05-13 12:54:11 INFO  Log:21 - ################################
2023-05-13 12:54:11 INFO  Log:22 - ############This test case is finished##############
2023-05-13 12:57:16 INFO  Log:14 - ****************************
2023-05-13 12:57:16 INFO  Log:15 - ****************************
2023-05-13 12:57:16 INFO  Log:16 - *********This is the beginning of my Test case***********
2023-05-13 12:57:16 INFO  Log:27 - My test case is executing right now
2023-05-13 12:57:16 INFO  Log:32 - My test case might have some trivial issues
2023-05-13 12:57:23 INFO  Log:27 - This test case is about to get completed
2023-05-13 12:57:23 INFO  Log:20 - ################################
2023-05-13 12:57:23 INFO  Log:21 - ################################
2023-05-13 12:57:23 INFO  Log:22 - ############This test case is finished##############
2023-05-13 12:58:44 INFO  Log:14 - ****************************
2023-05-13 12:58:44 INFO  Log:15 - ****************************
2023-05-13 12:58:44 INFO  Log:16 - *********This is the beginning of my Test case***********
2023-05-13 12:58:44 INFO  Log:27 - My test case is executing right now
2023-05-13 12:58:44 INFO  Log:32 - My test case might have some trivial issues
2023-05-13 12:58:52 INFO  Log:27 - This test case is about to get completed
2023-05-13 12:58:52 INFO  Log:20 - ################################
2023-05-13 12:58:52 INFO  Log:21 - ################################
2023-05-13 12:58:52 INFO  Log:22 - ############This test case is finished##############
2023-05-13 13:03:52 INFO  Log:14 - ****************************
2023-05-13 13:03:52 INFO  Log:15 - ****************************
2023-05-13 13:03:52 INFO  Log:16 - *********This is the beginning of my Test case***********
2023-05-13 13:03:52 INFO  Log:27 - My test case is executing right now
2023-05-13 13:03:52 INFO  Log:32 - My test case might have some trivial issues
2023-05-13 13:03:59 INFO  Log:27 - This test case is about to get completed
2023-05-13 13:03:59 INFO  Log:20 - ################################
2023-05-13 13:03:59 INFO  Log:21 - ################################
2023-05-13 13:03:59 INFO  Log:22 - ############This test case is finished##############
2023-05-30 21:26:14 INFO  Log:14 - ****************************
2023-05-30 21:26:14 INFO  Log:15 - ****************************
2023-05-30 21:26:14 INFO  Log:16 - *********This is the beginning of my Test case***********
2023-05-30 21:26:14 INFO  Log:27 - My test case is executing right now
2023-05-30 21:26:14 INFO  Log:32 - My test case might have some trivial issues
2023-05-30 21:26:23 INFO  Log:27 - This test case is about to get completed
2023-05-30 21:26:23 INFO  Log:20 - ################################
2023-05-30 21:26:23 INFO  Log:21 - ################################
2023-05-30 21:26:23 INFO  Log:22 - ############This test case is finished##############
2023-05-30 21:32:49 INFO  Log:14 - ****************************
2023-05-30 21:32:49 INFO  Log:15 - ****************************
2023-05-30 21:32:49 INFO  Log:16 - *********This is the beginning of my Test case***********
2023-05-30 21:32:49 INFO  Log:27 - My test case is executing right now
2023-05-30 21:32:49 INFO  Log:32 - My test case might have some trivial issues
2023-05-30 21:33:49 INFO  Log:27 - This test case is about to get completed
2023-05-30 21:33:49 INFO  Log:20 - ################################
2023-05-30 21:33:49 INFO  Log:21 - ################################
2023-05-30 21:33:49 INFO  Log:22 - ############This test case is finished##############
